<?xml version="1.0" encoding="UTF-8"?>
<testng-results skipped="0" failed="0" ignored="0" total="1" passed="1">
  <reporter-output>
  </reporter-output>
  <suite name="Suite" duration-ms="8702" started-at="2023-02-27T12:57:28 IST" finished-at="2023-02-27T12:57:37 IST">
    <groups>
    </groups>
    <test name="Test" duration-ms="8702" started-at="2023-02-27T12:57:28 IST" finished-at="2023-02-27T12:57:37 IST">
      <class name="Example">
        <test-method status="PASS" signature="getstring()[pri:0, instance:Example@43bd930a]" name="getstring" duration-ms="8666" started-at="2023-02-27T12:57:28 IST" finished-at="2023-02-27T12:57:37 IST">
          <reporter-output>
          </reporter-output>
        </test-method> <!-- getstring -->
      </class> <!-- Example -->
    </test> <!-- Test -->
  </suite> <!-- Suite -->
</testng-results>
